[8] Log opened at 2022-03-17 14:44:27.537059
[8] [Step Debug] INFO: Checking remote connect back address.
[8] [Step Debug] INFO: Checking header 'HTTP_X_FORWARDED_FOR'.
[8] [Step Debug] INFO: Checking header 'REMOTE_ADDR'.
[8] [Step Debug] INFO: Client host discovered through HTTP header, connecting to 172.20.0.1:9003.
[8] [Step Debug] WARN: Creating socket for '172.20.0.1:9003', poll success, but error: Operation now in progress (29).
[8] [Step Debug] WARN: Could not connect to client host discovered through HTTP headers, connecting to configured address/port: 10.10.54.230:9003. :-|
[8] [Step Debug] INFO: Connected to debugging client: 172.20.0.1:9003 (from REMOTE_ADDR HTTP header), 10.10.54.230:9003 (fallback through xdebug.client_host/xdebug.client_port). :-)
[8] [Step Debug] -> <init xmlns="urn:debugger_protocol_v1" xmlns:xdebug="https://xdebug.org/dbgp/xdebug" fileuri="file:///var/www/html/index.php" language="PHP" xdebug:language_version="8.1.3" protocol_version="1.0" appid="8"><engine version="3.1.2"><![CDATA[Xdebug]]></engine><author><![CDATA[Derick Rethans]]></author><url><![CDATA[https://xdebug.org]]></url><copyright><![CDATA[Copyright (c) 2002-2021 by Derick Rethans]]></copyright></init>

[8] [Step Debug] <- feature_set -i 1 -n resolved_breakpoints -v 1
[8] [Step Debug] -> <response xmlns="urn:debugger_protocol_v1" xmlns:xdebug="https://xdebug.org/dbgp/xdebug" command="feature_set" transaction_id="1" feature="resolved_breakpoints" success="1"></response>

[8] [Step Debug] <- feature_set -i 2 -n notify_ok -v 1
[8] [Step Debug] -> <response xmlns="urn:debugger_protocol_v1" xmlns:xdebug="https://xdebug.org/dbgp/xdebug" command="feature_set" transaction_id="2" feature="notify_ok" success="1"></response>

[8] [Step Debug] <- feature_set -i 3 -n extended_properties -v 1
[8] [Step Debug] -> <response xmlns="urn:debugger_protocol_v1" xmlns:xdebug="https://xdebug.org/dbgp/xdebug" command="feature_set" transaction_id="3" feature="extended_properties" success="1"></response>

[8] [Step Debug] <- breakpoint_set -i 4 -t line -f file:///var/www/html/index.php -n 2
[8] [Step Debug] -> <notify xmlns="urn:debugger_protocol_v1" xmlns:xdebug="https://xdebug.org/dbgp/xdebug" name="breakpoint_resolved"><breakpoint type="line" resolved="resolved" filename="file:///var/www/html/index.php" lineno="2" state="enabled" hit_count="0" hit_value="0" id="80001"></breakpoint></notify>

[8] [Step Debug] -> <response xmlns="urn:debugger_protocol_v1" xmlns:xdebug="https://xdebug.org/dbgp/xdebug" command="breakpoint_set" transaction_id="4" id="80001" resolved="resolved"></response>

[8] [Step Debug] <- breakpoint_get -i 5 -d 80001
[8] [Step Debug] -> <response xmlns="urn:debugger_protocol_v1" xmlns:xdebug="https://xdebug.org/dbgp/xdebug" command="breakpoint_get" transaction_id="5"><breakpoint type="line" resolved="resolved" filename="file:///var/www/html/index.php" lineno="2" state="enabled" hit_count="0" hit_value="0" id="80001"></breakpoint></response>

[8] [Step Debug] <- breakpoint_set -i 6 -t line -f file:///var/www/html/index.php -n 3
[8] [Step Debug] -> <notify xmlns="urn:debugger_protocol_v1" xmlns:xdebug="https://xdebug.org/dbgp/xdebug" name="breakpoint_resolved"><breakpoint type="line" resolved="resolved" filename="file:///var/www/html/index.php" lineno="3" state="enabled" hit_count="0" hit_value="0" id="80002"></breakpoint></notify>

[8] [Step Debug] -> <response xmlns="urn:debugger_protocol_v1" xmlns:xdebug="https://xdebug.org/dbgp/xdebug" command="breakpoint_set" transaction_id="6" id="80002" resolved="resolved"></response>

[8] [Step Debug] <- breakpoint_get -i 7 -d 80002
[8] [Step Debug] -> <response xmlns="urn:debugger_protocol_v1" xmlns:xdebug="https://xdebug.org/dbgp/xdebug" command="breakpoint_get" transaction_id="7"><breakpoint type="line" resolved="resolved" filename="file:///var/www/html/index.php" lineno="3" state="enabled" hit_count="0" hit_value="0" id="80002"></breakpoint></response>

[8] [Step Debug] <- breakpoint_set -i 8 -t line -f file:///var/www/html/index.php -n 4
[8] [Step Debug] -> <notify xmlns="urn:debugger_protocol_v1" xmlns:xdebug="https://xdebug.org/dbgp/xdebug" name="breakpoint_resolved"><breakpoint type="line" resolved="resolved" filename="file:///var/www/html/index.php" lineno="4" state="enabled" hit_count="0" hit_value="0" id="80003"></breakpoint></notify>

[8] [Step Debug] -> <response xmlns="urn:debugger_protocol_v1" xmlns:xdebug="https://xdebug.org/dbgp/xdebug" command="breakpoint_set" transaction_id="8" id="80003" resolved="resolved"></response>

[8] [Step Debug] <- breakpoint_get -i 9 -d 80003
[8] [Step Debug] -> <response xmlns="urn:debugger_protocol_v1" xmlns:xdebug="https://xdebug.org/dbgp/xdebug" command="breakpoint_get" transaction_id="9"><breakpoint type="line" resolved="resolved" filename="file:///var/www/html/index.php" lineno="4" state="enabled" hit_count="0" hit_value="0" id="80003"></breakpoint></response>

[8] [Step Debug] <- breakpoint_set -i 10 -t line -f file:///var/www/html/mysql.php -n 10
[8] [Step Debug] -> <response xmlns="urn:debugger_protocol_v1" xmlns:xdebug="https://xdebug.org/dbgp/xdebug" command="breakpoint_set" transaction_id="10" id="80004" resolved="unresolved"></response>

[8] [Step Debug] <- breakpoint_set -i 11 -t line -f file:///var/www/html/mysql.php -n 13
[8] [Step Debug] -> <response xmlns="urn:debugger_protocol_v1" xmlns:xdebug="https://xdebug.org/dbgp/xdebug" command="breakpoint_set" transaction_id="11" id="80005" resolved="unresolved"></response>

[8] [Step Debug] <- breakpoint_set -i 12 -t line -f file:///var/www/html/mysql.php -n 15
[8] [Step Debug] -> <response xmlns="urn:debugger_protocol_v1" xmlns:xdebug="https://xdebug.org/dbgp/xdebug" command="breakpoint_set" transaction_id="12" id="80006" resolved="unresolved"></response>

[8] [Step Debug] <- run -i 13
[8] [Step Debug] -> <response xmlns="urn:debugger_protocol_v1" xmlns:xdebug="https://xdebug.org/dbgp/xdebug" command="run" transaction_id="13" status="break" reason="ok"><xdebug:message filename="file:///var/www/html/index.php" lineno="2"></xdebug:message></response>

[8] [Step Debug] <- stack_get -i 14
[8] [Step Debug] -> <response xmlns="urn:debugger_protocol_v1" xmlns:xdebug="https://xdebug.org/dbgp/xdebug" command="stack_get" transaction_id="14"><stack where="{main}" level="0" type="file" filename="file:///var/www/html/index.php" lineno="2"></stack></response>

[8] [Step Debug] <- context_names -i 15 -d 0
[8] [Step Debug] -> <response xmlns="urn:debugger_protocol_v1" xmlns:xdebug="https://xdebug.org/dbgp/xdebug" command="context_names" transaction_id="15"><context name="Locals" id="0"></context><context name="Superglobals" id="1"></context><context name="User defined constants" id="2"></context></response>

[8] [Step Debug] <- context_get -i 16 -d 0 -c 0
[8] [Step Debug] -> <response xmlns="urn:debugger_protocol_v1" xmlns:xdebug="https://xdebug.org/dbgp/xdebug" command="context_get" transaction_id="16" context="0"><property name="$var" fullname="$var" type="uninitialized"></property></response>

[8] [Step Debug] <- run -i 17
[8] [Step Debug] -> <response xmlns="urn:debugger_protocol_v1" xmlns:xdebug="https://xdebug.org/dbgp/xdebug" command="run" transaction_id="17" status="stopping" reason="ok"></response>

[8] [Step Debug] <- stop -i 18
[8] [Step Debug] -> <response xmlns="urn:debugger_protocol_v1" xmlns:xdebug="https://xdebug.org/dbgp/xdebug" command="stop" transaction_id="18" status="stopped" reason="ok"></response>

[8] Log closed at 2022-03-17 14:45:47.158681

[7] Log opened at 2022-03-17 14:45:56.382794
[7] [Step Debug] INFO: Checking remote connect back address.
[7] [Step Debug] INFO: Checking header 'HTTP_X_FORWARDED_FOR'.
[7] [Step Debug] INFO: Checking header 'REMOTE_ADDR'.
[7] [Step Debug] INFO: Client host discovered through HTTP header, connecting to 172.20.0.1:9003.
[7] [Step Debug] WARN: Creating socket for '172.20.0.1:9003', poll success, but error: Operation now in progress (29).
[7] [Step Debug] WARN: Could not connect to client host discovered through HTTP headers, connecting to configured address/port: 10.10.54.230:9003. :-|
[7] [Step Debug] INFO: Connected to debugging client: 172.20.0.1:9003 (from REMOTE_ADDR HTTP header), 10.10.54.230:9003 (fallback through xdebug.client_host/xdebug.client_port). :-)
[7] [Step Debug] -> <init xmlns="urn:debugger_protocol_v1" xmlns:xdebug="https://xdebug.org/dbgp/xdebug" fileuri="file:///var/www/html/index.php" language="PHP" xdebug:language_version="8.1.3" protocol_version="1.0" appid="7"><engine version="3.1.2"><![CDATA[Xdebug]]></engine><author><![CDATA[Derick Rethans]]></author><url><![CDATA[https://xdebug.org]]></url><copyright><![CDATA[Copyright (c) 2002-2021 by Derick Rethans]]></copyright></init>

[7] [Step Debug] <- feature_set -i 1 -n resolved_breakpoints -v 1
[7] [Step Debug] -> <response xmlns="urn:debugger_protocol_v1" xmlns:xdebug="https://xdebug.org/dbgp/xdebug" command="feature_set" transaction_id="1" feature="resolved_breakpoints" success="1"></response>

[7] [Step Debug] <- feature_set -i 2 -n notify_ok -v 1
[7] [Step Debug] -> <response xmlns="urn:debugger_protocol_v1" xmlns:xdebug="https://xdebug.org/dbgp/xdebug" command="feature_set" transaction_id="2" feature="notify_ok" success="1"></response>

[7] [Step Debug] <- feature_set -i 3 -n extended_properties -v 1
[7] [Step Debug] -> <response xmlns="urn:debugger_protocol_v1" xmlns:xdebug="https://xdebug.org/dbgp/xdebug" command="feature_set" transaction_id="3" feature="extended_properties" success="1"></response>

[7] [Step Debug] <- breakpoint_set -i 4 -t line -f file:///var/www/html/index.php -n 2
[7] [Step Debug] -> <notify xmlns="urn:debugger_protocol_v1" xmlns:xdebug="https://xdebug.org/dbgp/xdebug" name="breakpoint_resolved"><breakpoint type="line" resolved="resolved" filename="file:///var/www/html/index.php" lineno="2" state="enabled" hit_count="0" hit_value="0" id="70001"></breakpoint></notify>

[7] [Step Debug] -> <response xmlns="urn:debugger_protocol_v1" xmlns:xdebug="https://xdebug.org/dbgp/xdebug" command="breakpoint_set" transaction_id="4" id="70001" resolved="resolved"></response>

[7] [Step Debug] <- breakpoint_get -i 5 -d 70001
[7] [Step Debug] -> <response xmlns="urn:debugger_protocol_v1" xmlns:xdebug="https://xdebug.org/dbgp/xdebug" command="breakpoint_get" transaction_id="5"><breakpoint type="line" resolved="resolved" filename="file:///var/www/html/index.php" lineno="2" state="enabled" hit_count="0" hit_value="0" id="70001"></breakpoint></response>

[7] [Step Debug] <- breakpoint_set -i 6 -t line -f file:///var/www/html/index.php -n 3
[7] [Step Debug] -> <notify xmlns="urn:debugger_protocol_v1" xmlns:xdebug="https://xdebug.org/dbgp/xdebug" name="breakpoint_resolved"><breakpoint type="line" resolved="resolved" filename="file:///var/www/html/index.php" lineno="3" state="enabled" hit_count="0" hit_value="0" id="70002"></breakpoint></notify>

[7] [Step Debug] -> <response xmlns="urn:debugger_protocol_v1" xmlns:xdebug="https://xdebug.org/dbgp/xdebug" command="breakpoint_set" transaction_id="6" id="70002" resolved="resolved"></response>

[7] [Step Debug] <- breakpoint_get -i 7 -d 70002
[7] [Step Debug] -> <response xmlns="urn:debugger_protocol_v1" xmlns:xdebug="https://xdebug.org/dbgp/xdebug" command="breakpoint_get" transaction_id="7"><breakpoint type="line" resolved="resolved" filename="file:///var/www/html/index.php" lineno="3" state="enabled" hit_count="0" hit_value="0" id="70002"></breakpoint></response>

[7] [Step Debug] <- breakpoint_set -i 8 -t line -f file:///var/www/html/index.php -n 4
[7] [Step Debug] -> <notify xmlns="urn:debugger_protocol_v1" xmlns:xdebug="https://xdebug.org/dbgp/xdebug" name="breakpoint_resolved"><breakpoint type="line" resolved="resolved" filename="file:///var/www/html/index.php" lineno="4" state="enabled" hit_count="0" hit_value="0" id="70003"></breakpoint></notify>

[7] [Step Debug] -> <response xmlns="urn:debugger_protocol_v1" xmlns:xdebug="https://xdebug.org/dbgp/xdebug" command="breakpoint_set" transaction_id="8" id="70003" resolved="resolved"></response>

[7] [Step Debug] <- breakpoint_get -i 9 -d 70003
[7] [Step Debug] -> <response xmlns="urn:debugger_protocol_v1" xmlns:xdebug="https://xdebug.org/dbgp/xdebug" command="breakpoint_get" transaction_id="9"><breakpoint type="line" resolved="resolved" filename="file:///var/www/html/index.php" lineno="4" state="enabled" hit_count="0" hit_value="0" id="70003"></breakpoint></response>

[7] [Step Debug] <- breakpoint_set -i 10 -t line -f file:///var/www/html/mysql.php -n 10
[7] [Step Debug] -> <response xmlns="urn:debugger_protocol_v1" xmlns:xdebug="https://xdebug.org/dbgp/xdebug" command="breakpoint_set" transaction_id="10" id="70004" resolved="unresolved"></response>

[7] [Step Debug] <- breakpoint_set -i 11 -t line -f file:///var/www/html/mysql.php -n 13
[7] [Step Debug] -> <response xmlns="urn:debugger_protocol_v1" xmlns:xdebug="https://xdebug.org/dbgp/xdebug" command="breakpoint_set" transaction_id="11" id="70005" resolved="unresolved"></response>

[7] [Step Debug] <- breakpoint_set -i 12 -t line -f file:///var/www/html/mysql.php -n 15
[7] [Step Debug] -> <response xmlns="urn:debugger_protocol_v1" xmlns:xdebug="https://xdebug.org/dbgp/xdebug" command="breakpoint_set" transaction_id="12" id="70006" resolved="unresolved"></response>

[7] [Step Debug] <- run -i 13
[7] [Step Debug] -> <response xmlns="urn:debugger_protocol_v1" xmlns:xdebug="https://xdebug.org/dbgp/xdebug" command="run" transaction_id="13" status="break" reason="ok"><xdebug:message filename="file:///var/www/html/index.php" lineno="2"></xdebug:message></response>

[7] [Step Debug] <- stack_get -i 14
[7] [Step Debug] -> <response xmlns="urn:debugger_protocol_v1" xmlns:xdebug="https://xdebug.org/dbgp/xdebug" command="stack_get" transaction_id="14"><stack where="{main}" level="0" type="file" filename="file:///var/www/html/index.php" lineno="2"></stack></response>

[7] [Step Debug] <- context_names -i 15 -d 0
[7] [Step Debug] -> <response xmlns="urn:debugger_protocol_v1" xmlns:xdebug="https://xdebug.org/dbgp/xdebug" command="context_names" transaction_id="15"><context name="Locals" id="0"></context><context name="Superglobals" id="1"></context><context name="User defined constants" id="2"></context></response>

[7] [Step Debug] <- context_get -i 16 -d 0 -c 0
[7] [Step Debug] -> <response xmlns="urn:debugger_protocol_v1" xmlns:xdebug="https://xdebug.org/dbgp/xdebug" command="context_get" transaction_id="16" context="0"><property name="$var" fullname="$var" type="uninitialized"></property></response>

[7] [Step Debug] <- step_into -i 17
[7] [Step Debug] -> <response xmlns="urn:debugger_protocol_v1" xmlns:xdebug="https://xdebug.org/dbgp/xdebug" command="step_into" transaction_id="17" status="break" reason="ok"><xdebug:message filename="file:///var/www/html/index.php" lineno="3"></xdebug:message></response>

[7] [Step Debug] <- stack_get -i 18
[7] [Step Debug] -> <response xmlns="urn:debugger_protocol_v1" xmlns:xdebug="https://xdebug.org/dbgp/xdebug" command="stack_get" transaction_id="18"><stack where="{main}" level="0" type="file" filename="file:///var/www/html/index.php" lineno="3"></stack></response>

[7] [Step Debug] <- context_names -i 19 -d 0
[7] [Step Debug] -> <response xmlns="urn:debugger_protocol_v1" xmlns:xdebug="https://xdebug.org/dbgp/xdebug" command="context_names" transaction_id="19"><context name="Locals" id="0"></context><context name="Superglobals" id="1"></context><context name="User defined constants" id="2"></context></response>

[7] [Step Debug] <- context_get -i 20 -d 0 -c 0
[7] [Step Debug] -> <response xmlns="urn:debugger_protocol_v1" xmlns:xdebug="https://xdebug.org/dbgp/xdebug" command="context_get" transaction_id="20" context="0"><property name="$var" fullname="$var" type="uninitialized"></property></response>

[7] [Step Debug] <- step_into -i 21
[7] [Step Debug] -> <response xmlns="urn:debugger_protocol_v1" xmlns:xdebug="https://xdebug.org/dbgp/xdebug" command="step_into" transaction_id="21" status="break" reason="ok"><xdebug:message filename="file:///var/www/html/index.php" lineno="4"></xdebug:message></response>

[7] [Step Debug] <- stack_get -i 22
[7] [Step Debug] -> <response xmlns="urn:debugger_protocol_v1" xmlns:xdebug="https://xdebug.org/dbgp/xdebug" command="stack_get" transaction_id="22"><stack where="{main}" level="0" type="file" filename="file:///var/www/html/index.php" lineno="4"></stack></response>

[7] [Step Debug] <- context_names -i 23 -d 0
[7] [Step Debug] -> <response xmlns="urn:debugger_protocol_v1" xmlns:xdebug="https://xdebug.org/dbgp/xdebug" command="context_names" transaction_id="23"><context name="Locals" id="0"></context><context name="Superglobals" id="1"></context><context name="User defined constants" id="2"></context></response>

[7] [Step Debug] <- context_get -i 24 -d 0 -c 0
[7] [Step Debug] -> <response xmlns="urn:debugger_protocol_v1" xmlns:xdebug="https://xdebug.org/dbgp/xdebug" command="context_get" transaction_id="24" context="0"><property name="$var" fullname="$var" type="string" size="11" encoding="base64"><![CDATA[SGVsbG8gV29ybGQ=]]></property></response>

[7] [Step Debug] <- context_names -i 25 -d 0
[7] [Step Debug] -> <response xmlns="urn:debugger_protocol_v1" xmlns:xdebug="https://xdebug.org/dbgp/xdebug" command="context_names" transaction_id="25"><context name="Locals" id="0"></context><context name="Superglobals" id="1"></context><context name="User defined constants" id="2"></context></response>

[7] [Step Debug] <- property_get -i 26 -d 0 -c 0 -n "$var"
[7] [Step Debug] -> <response xmlns="urn:debugger_protocol_v1" xmlns:xdebug="https://xdebug.org/dbgp/xdebug" command="property_get" transaction_id="26"><property name="$var" fullname="$var" type="string" size="11" encoding="base64"><![CDATA[SGVsbG8gV29ybGQ=]]></property></response>

[7] [Step Debug] <- run -i 27
[7] [Step Debug] -> <response xmlns="urn:debugger_protocol_v1" xmlns:xdebug="https://xdebug.org/dbgp/xdebug" command="run" transaction_id="27" status="stopping" reason="ok"></response>

[7] [Step Debug] <- stop -i 28
[7] [Step Debug] -> <response xmlns="urn:debugger_protocol_v1" xmlns:xdebug="https://xdebug.org/dbgp/xdebug" command="stop" transaction_id="28" status="stopped" reason="ok"></response>

[7] Log closed at 2022-03-17 14:46:14.823106

[8] Log opened at 2022-03-17 14:47:49.466572
[8] [Step Debug] INFO: Checking remote connect back address.
[8] [Step Debug] INFO: Checking header 'HTTP_X_FORWARDED_FOR'.
[8] [Step Debug] INFO: Checking header 'REMOTE_ADDR'.
[8] [Step Debug] INFO: Client host discovered through HTTP header, connecting to 172.20.0.1:9003.
[8] [Step Debug] WARN: Creating socket for '172.20.0.1:9003', poll success, but error: Operation now in progress (29).
[8] [Step Debug] WARN: Could not connect to client host discovered through HTTP headers, connecting to configured address/port: 10.10.54.230:9003. :-|
[8] [Step Debug] INFO: Connected to debugging client: 172.20.0.1:9003 (from REMOTE_ADDR HTTP header), 10.10.54.230:9003 (fallback through xdebug.client_host/xdebug.client_port). :-)
[8] [Step Debug] -> <init xmlns="urn:debugger_protocol_v1" xmlns:xdebug="https://xdebug.org/dbgp/xdebug" fileuri="file:///var/www/html/index.php" language="PHP" xdebug:language_version="8.1.3" protocol_version="1.0" appid="8"><engine version="3.1.2"><![CDATA[Xdebug]]></engine><author><![CDATA[Derick Rethans]]></author><url><![CDATA[https://xdebug.org]]></url><copyright><![CDATA[Copyright (c) 2002-2021 by Derick Rethans]]></copyright></init>

[8] [Step Debug] <- feature_set -i 1 -n resolved_breakpoints -v 1
[8] [Step Debug] -> <response xmlns="urn:debugger_protocol_v1" xmlns:xdebug="https://xdebug.org/dbgp/xdebug" command="feature_set" transaction_id="1" feature="resolved_breakpoints" success="1"></response>

[8] [Step Debug] <- feature_set -i 2 -n notify_ok -v 1
[8] [Step Debug] -> <response xmlns="urn:debugger_protocol_v1" xmlns:xdebug="https://xdebug.org/dbgp/xdebug" command="feature_set" transaction_id="2" feature="notify_ok" success="1"></response>

[8] [Step Debug] <- feature_set -i 3 -n extended_properties -v 1
[8] [Step Debug] -> <response xmlns="urn:debugger_protocol_v1" xmlns:xdebug="https://xdebug.org/dbgp/xdebug" command="feature_set" transaction_id="3" feature="extended_properties" success="1"></response>

[8] [Step Debug] <- breakpoint_set -i 4 -t line -f file:///var/www/html/index.php -n 2
[8] [Step Debug] -> <notify xmlns="urn:debugger_protocol_v1" xmlns:xdebug="https://xdebug.org/dbgp/xdebug" name="breakpoint_resolved"><breakpoint type="line" resolved="resolved" filename="file:///var/www/html/index.php" lineno="2" state="enabled" hit_count="0" hit_value="0" id="80007"></breakpoint></notify>

[8] [Step Debug] -> <response xmlns="urn:debugger_protocol_v1" xmlns:xdebug="https://xdebug.org/dbgp/xdebug" command="breakpoint_set" transaction_id="4" id="80007" resolved="resolved"></response>

[8] [Step Debug] <- breakpoint_get -i 5 -d 80007
[8] [Step Debug] -> <response xmlns="urn:debugger_protocol_v1" xmlns:xdebug="https://xdebug.org/dbgp/xdebug" command="breakpoint_get" transaction_id="5"><breakpoint type="line" resolved="resolved" filename="file:///var/www/html/index.php" lineno="2" state="enabled" hit_count="0" hit_value="0" id="80007"></breakpoint></response>

[8] [Step Debug] <- breakpoint_set -i 6 -t line -f file:///var/www/html/index.php -n 3
[8] [Step Debug] -> <notify xmlns="urn:debugger_protocol_v1" xmlns:xdebug="https://xdebug.org/dbgp/xdebug" name="breakpoint_resolved"><breakpoint type="line" resolved="resolved" filename="file:///var/www/html/index.php" lineno="3" state="enabled" hit_count="0" hit_value="0" id="80008"></breakpoint></notify>

[8] [Step Debug] -> <response xmlns="urn:debugger_protocol_v1" xmlns:xdebug="https://xdebug.org/dbgp/xdebug" command="breakpoint_set" transaction_id="6" id="80008" resolved="resolved"></response>

[8] [Step Debug] <- breakpoint_get -i 7 -d 80008
[8] [Step Debug] -> <response xmlns="urn:debugger_protocol_v1" xmlns:xdebug="https://xdebug.org/dbgp/xdebug" command="breakpoint_get" transaction_id="7"><breakpoint type="line" resolved="resolved" filename="file:///var/www/html/index.php" lineno="3" state="enabled" hit_count="0" hit_value="0" id="80008"></breakpoint></response>

[8] [Step Debug] <- breakpoint_set -i 8 -t line -f file:///var/www/html/index.php -n 4
[8] [Step Debug] -> <notify xmlns="urn:debugger_protocol_v1" xmlns:xdebug="https://xdebug.org/dbgp/xdebug" name="breakpoint_resolved"><breakpoint type="line" resolved="resolved" filename="file:///var/www/html/index.php" lineno="4" state="enabled" hit_count="0" hit_value="0" id="80009"></breakpoint></notify>

[8] [Step Debug] -> <response xmlns="urn:debugger_protocol_v1" xmlns:xdebug="https://xdebug.org/dbgp/xdebug" command="breakpoint_set" transaction_id="8" id="80009" resolved="resolved"></response>

[8] [Step Debug] <- breakpoint_get -i 9 -d 80009
[8] [Step Debug] -> <response xmlns="urn:debugger_protocol_v1" xmlns:xdebug="https://xdebug.org/dbgp/xdebug" command="breakpoint_get" transaction_id="9"><breakpoint type="line" resolved="resolved" filename="file:///var/www/html/index.php" lineno="4" state="enabled" hit_count="0" hit_value="0" id="80009"></breakpoint></response>

[8] [Step Debug] <- breakpoint_set -i 10 -t line -f file:///var/www/html/mysql.php -n 10
[8] [Step Debug] -> <response xmlns="urn:debugger_protocol_v1" xmlns:xdebug="https://xdebug.org/dbgp/xdebug" command="breakpoint_set" transaction_id="10" id="80010" resolved="unresolved"></response>

[8] [Step Debug] <- breakpoint_set -i 11 -t line -f file:///var/www/html/mysql.php -n 13
[8] [Step Debug] -> <response xmlns="urn:debugger_protocol_v1" xmlns:xdebug="https://xdebug.org/dbgp/xdebug" command="breakpoint_set" transaction_id="11" id="80011" resolved="unresolved"></response>

[8] [Step Debug] <- breakpoint_set -i 12 -t line -f file:///var/www/html/mysql.php -n 15
[8] [Step Debug] -> <response xmlns="urn:debugger_protocol_v1" xmlns:xdebug="https://xdebug.org/dbgp/xdebug" command="breakpoint_set" transaction_id="12" id="80012" resolved="unresolved"></response>

[8] [Step Debug] <- run -i 13
[8] [Step Debug] -> <response xmlns="urn:debugger_protocol_v1" xmlns:xdebug="https://xdebug.org/dbgp/xdebug" command="run" transaction_id="13" status="break" reason="ok"><xdebug:message filename="file:///var/www/html/index.php" lineno="2"></xdebug:message></response>

[8] [Step Debug] <- stack_get -i 14
[8] [Step Debug] -> <response xmlns="urn:debugger_protocol_v1" xmlns:xdebug="https://xdebug.org/dbgp/xdebug" command="stack_get" transaction_id="14"><stack where="{main}" level="0" type="file" filename="file:///var/www/html/index.php" lineno="2"></stack></response>

[8] [Step Debug] <- context_names -i 15 -d 0
[8] [Step Debug] -> <response xmlns="urn:debugger_protocol_v1" xmlns:xdebug="https://xdebug.org/dbgp/xdebug" command="context_names" transaction_id="15"><context name="Locals" id="0"></context><context name="Superglobals" id="1"></context><context name="User defined constants" id="2"></context></response>

[8] [Step Debug] <- context_get -i 16 -d 0 -c 0
[8] [Step Debug] -> <response xmlns="urn:debugger_protocol_v1" xmlns:xdebug="https://xdebug.org/dbgp/xdebug" command="context_get" transaction_id="16" context="0"><property name="$var" fullname="$var" type="uninitialized"></property></response>

[8] [Step Debug] <- step_into -i 17
[8] [Step Debug] -> <response xmlns="urn:debugger_protocol_v1" xmlns:xdebug="https://xdebug.org/dbgp/xdebug" command="step_into" transaction_id="17" status="break" reason="ok"><xdebug:message filename="file:///var/www/html/index.php" lineno="3"></xdebug:message></response>

[8] [Step Debug] <- stack_get -i 18
[8] [Step Debug] -> <response xmlns="urn:debugger_protocol_v1" xmlns:xdebug="https://xdebug.org/dbgp/xdebug" command="stack_get" transaction_id="18"><stack where="{main}" level="0" type="file" filename="file:///var/www/html/index.php" lineno="3"></stack></response>

[8] [Step Debug] <- context_names -i 19 -d 0
[8] [Step Debug] -> <response xmlns="urn:debugger_protocol_v1" xmlns:xdebug="https://xdebug.org/dbgp/xdebug" command="context_names" transaction_id="19"><context name="Locals" id="0"></context><context name="Superglobals" id="1"></context><context name="User defined constants" id="2"></context></response>

[8] [Step Debug] <- context_get -i 20 -d 0 -c 0
[8] [Step Debug] -> <response xmlns="urn:debugger_protocol_v1" xmlns:xdebug="https://xdebug.org/dbgp/xdebug" command="context_get" transaction_id="20" context="0"><property name="$var" fullname="$var" type="uninitialized"></property></response>

[8] [Step Debug] <- step_into -i 21
[8] [Step Debug] -> <response xmlns="urn:debugger_protocol_v1" xmlns:xdebug="https://xdebug.org/dbgp/xdebug" command="step_into" transaction_id="21" status="break" reason="ok"><xdebug:message filename="file:///var/www/html/index.php" lineno="4"></xdebug:message></response>

[8] [Step Debug] <- stack_get -i 22
[8] [Step Debug] -> <response xmlns="urn:debugger_protocol_v1" xmlns:xdebug="https://xdebug.org/dbgp/xdebug" command="stack_get" transaction_id="22"><stack where="{main}" level="0" type="file" filename="file:///var/www/html/index.php" lineno="4"></stack></response>

[8] [Step Debug] <- context_names -i 23 -d 0
[8] [Step Debug] -> <response xmlns="urn:debugger_protocol_v1" xmlns:xdebug="https://xdebug.org/dbgp/xdebug" command="context_names" transaction_id="23"><context name="Locals" id="0"></context><context name="Superglobals" id="1"></context><context name="User defined constants" id="2"></context></response>

[8] [Step Debug] <- context_get -i 24 -d 0 -c 0
[8] [Step Debug] -> <response xmlns="urn:debugger_protocol_v1" xmlns:xdebug="https://xdebug.org/dbgp/xdebug" command="context_get" transaction_id="24" context="0"><property name="$var" fullname="$var" type="string" size="11" encoding="base64"><![CDATA[SGVsbG8gV29ybGQ=]]></property></response>

[8] [Step Debug] <- run -i 25
[8] [Step Debug] -> <response xmlns="urn:debugger_protocol_v1" xmlns:xdebug="https://xdebug.org/dbgp/xdebug" command="run" transaction_id="25" status="stopping" reason="ok"></response>

[8] [Step Debug] <- stop -i 26
[8] [Step Debug] -> <response xmlns="urn:debugger_protocol_v1" xmlns:xdebug="https://xdebug.org/dbgp/xdebug" command="stop" transaction_id="26" status="stopped" reason="ok"></response>

[8] Log closed at 2022-03-17 14:48:00.654372

